<?xml version="1.0" encoding="UTF-8"?>
<testsuite name="HelloTest" tests="1" skipped="0" failures="0" errors="0" timestamp="2017-04-04T13:39:45" hostname="OLRC-W-5301RFZ" time="0.003">
  <properties/>
  <testcase name="HelloTest" classname="HelloTest" time="0.003"/>
  <system-out><![CDATA[######### Running before ... 
######### Running test ... 
######### Running after ... 
]]></system-out>
  <system-err><![CDATA[]]></system-err>
</testsuite>
